{"total": {"lines":{"total":245,"covered":218,"skipped":0,"pct":88.97},"statements":{"total":245,"covered":218,"skipped":0,"pct":88.97},"functions":{"total":11,"covered":10,"skipped":0,"pct":90.9},"branches":{"total":35,"covered":34,"skipped":0,"pct":97.14},"branchesTrue":{"total":0,"covered":0,"skipped":0,"pct":100}}
,"/Users/exequielmleziva/Developer/1-current/mr-backoffice-v2/src/App.tsx": {"lines":{"total":35,"covered":35,"skipped":0,"pct":100},"functions":{"total":2,"covered":2,"skipped":0,"pct":100},"statements":{"total":35,"covered":35,"skipped":0,"pct":100},"branches":{"total":2,"covered":2,"skipped":0,"pct":100}}
,"/Users/exequielmleziva/Developer/1-current/mr-backoffice-v2/src/components/CircularProgressWithLabel.tsx": {"lines":{"total":33,"covered":7,"skipped":0,"pct":21.21},"functions":{"total":1,"covered":0,"skipped":0,"pct":0},"statements":{"total":33,"covered":7,"skipped":0,"pct":21.21},"branches":{"total":0,"covered":0,"skipped":0,"pct":100}}
,"/Users/exequielmleziva/Developer/1-current/mr-backoffice-v2/src/components/AddProductModal/components/Information/components/ImageDisplay/ImageDisplay.tsx": {"lines":{"total":29,"covered":29,"skipped":0,"pct":100},"functions":{"total":1,"covered":1,"skipped":0,"pct":100},"statements":{"total":29,"covered":29,"skipped":0,"pct":100},"branches":{"total":4,"covered":4,"skipped":0,"pct":100}}
,"/Users/exequielmleziva/Developer/1-current/mr-backoffice-v2/src/components/AddProductModal/components/Information/components/ImageUploader/ImageUploader.tsx": {"lines":{"total":45,"covered":44,"skipped":0,"pct":97.77},"functions":{"total":1,"covered":1,"skipped":0,"pct":100},"statements":{"total":45,"covered":44,"skipped":0,"pct":97.77},"branches":{"total":2,"covered":1,"skipped":0,"pct":50}}
,"/Users/exequielmleziva/Developer/1-current/mr-backoffice-v2/src/config/renderWithRouter.tsx": {"lines":{"total":18,"covered":18,"skipped":0,"pct":100},"functions":{"total":1,"covered":1,"skipped":0,"pct":100},"statements":{"total":18,"covered":18,"skipped":0,"pct":100},"branches":{"total":1,"covered":1,"skipped":0,"pct":100}}
,"/Users/exequielmleziva/Developer/1-current/mr-backoffice-v2/src/constants/firebase.ts": {"lines":{"total":13,"covered":13,"skipped":0,"pct":100},"functions":{"total":0,"covered":0,"skipped":0,"pct":100},"statements":{"total":13,"covered":13,"skipped":0,"pct":100},"branches":{"total":2,"covered":2,"skipped":0,"pct":100}}
,"/Users/exequielmleziva/Developer/1-current/mr-backoffice-v2/src/utils/addPercentage.ts": {"lines":{"total":10,"covered":10,"skipped":0,"pct":100},"functions":{"total":1,"covered":1,"skipped":0,"pct":100},"statements":{"total":10,"covered":10,"skipped":0,"pct":100},"branches":{"total":3,"covered":3,"skipped":0,"pct":100}}
,"/Users/exequielmleziva/Developer/1-current/mr-backoffice-v2/src/utils/getInitials.ts": {"lines":{"total":47,"covered":47,"skipped":0,"pct":100},"functions":{"total":3,"covered":3,"skipped":0,"pct":100},"statements":{"total":47,"covered":47,"skipped":0,"pct":100},"branches":{"total":16,"covered":16,"skipped":0,"pct":100}}
,"/Users/exequielmleziva/Developer/1-current/mr-backoffice-v2/src/utils/roleTranslator.ts": {"lines":{"total":15,"covered":15,"skipped":0,"pct":100},"functions":{"total":1,"covered":1,"skipped":0,"pct":100},"statements":{"total":15,"covered":15,"skipped":0,"pct":100},"branches":{"total":5,"covered":5,"skipped":0,"pct":100}}
}
